{"/Users/dev/Desktop/Table-reservation/backend/src/app.ts": {"path":"/Users/dev/Desktop/Table-reservation/backend/src/app.ts","statementMap":{"0":{"start":{"line":1,"column":0},"end":{"line":1,"column":30}},"1":{"start":{"line":2,"column":0},"end":{"line":2,"column":24}},"2":{"start":{"line":4,"column":0},"end":{"line":4,"column":47}},"3":{"start":{"line":5,"column":0},"end":{"line":5,"column":51}},"4":{"start":{"line":6,"column":0},"end":{"line":6,"column":41}},"5":{"start":{"line":7,"column":0},"end":{"line":7,"column":53}},"6":{"start":{"line":9,"column":0},"end":{"line":9,"column":39}},"7":{"start":{"line":10,"column":0},"end":{"line":10,"column":52}},"8":{"start":{"line":12,"column":12},"end":{"line":12,"column":21}},"9":{"start":{"line":14,"column":0},"end":{"line":14,"column":16}},"10":{"start":{"line":15,"column":0},"end":{"line":15,"column":24}},"11":{"start":{"line":16,"column":0},"end":{"line":16,"column":23}},"12":{"start":{"line":17,"column":0},"end":{"line":17,"column":38}},"13":{"start":{"line":18,"column":0},"end":{"line":18,"column":42}},"14":{"start":{"line":19,"column":0},"end":{"line":19,"column":32}},"15":{"start":{"line":20,"column":0},"end":{"line":20,"column":44}},"16":{"start":{"line":23,"column":0},"end":{"line":23,"column":15}},"17":{"start":{"line":25,"column":0},"end":{"line":25,"column":19}}},"fnMap":{},"branchMap":{},"s":{"0":1,"1":1,"2":1,"3":1,"4":1,"5":1,"6":1,"7":1,"8":1,"9":1,"10":1,"11":1,"12":1,"13":1,"14":1,"15":1,"16":1,"17":1},"f":{},"b":{}}
,"/Users/dev/Desktop/Table-reservation/backend/src/prisma.ts": {"path":"/Users/dev/Desktop/Table-reservation/backend/src/prisma.ts","statementMap":{"0":{"start":{"line":1,"column":0},"end":{"line":1,"column":46}},"1":{"start":{"line":2,"column":13},"end":{"line":2,"column":41}}},"fnMap":{},"branchMap":{},"s":{"0":8,"1":8},"f":{},"b":{}}
,"/Users/dev/Desktop/Table-reservation/backend/src/server.ts": {"path":"/Users/dev/Desktop/Table-reservation/backend/src/server.ts","statementMap":{"0":{"start":{"line":1,"column":0},"end":{"line":1,"column":23}},"1":{"start":{"line":2,"column":0},"end":{"line":2,"column":24}},"2":{"start":{"line":4,"column":13},"end":{"line":4,"column":37}},"3":{"start":{"line":6,"column":0},"end":{"line":8,"column":3}},"4":{"start":{"line":7,"column":2},"end":{"line":7,"column":61}}},"fnMap":{"0":{"name":"(anonymous_1)","decl":{"start":{"line":6,"column":17},"end":{"line":6,"column":20}},"loc":{"start":{"line":6,"column":22},"end":{"line":8,"column":1}}}},"branchMap":{"0":{"loc":{"start":{"line":4,"column":13},"end":{"line":4,"column":37}},"type":"binary-expr","locations":[{"start":{"line":4,"column":13},"end":{"line":4,"column":29}},{"start":{"line":4,"column":33},"end":{"line":4,"column":37}}]}},"s":{"0":1,"1":1,"2":1,"3":1,"4":1},"f":{"0":1},"b":{"0":[1,1]}}
,"/Users/dev/Desktop/Table-reservation/backend/src/controllers/customer.ts": {"path":"/Users/dev/Desktop/Table-reservation/backend/src/controllers/customer.ts","statementMap":{"0":{"start":{"line":2,"column":0},"end":{"line":2,"column":41}},"1":{"start":{"line":3,"column":0},"end":{"line":3,"column":48}},"2":{"start":{"line":10,"column":17},"end":{"line":14,"column":1}},"3":{"start":{"line":11,"column":19},"end":{"line":11,"column":33}},"4":{"start":{"line":12,"column":2},"end":{"line":12,"column":19}},"5":{"start":{"line":13,"column":2},"end":{"line":13,"column":13}},"6":{"start":{"line":16,"column":30},"end":{"line":25,"column":1}},"7":{"start":{"line":17,"column":2},"end":{"line":24,"column":3}},"8":{"start":{"line":18,"column":4},"end":{"line":18,"column":37}},"9":{"start":{"line":19,"column":17},"end":{"line":19,"column":48}},"10":{"start":{"line":20,"column":21},"end":{"line":20,"column":47}},"11":{"start":{"line":21,"column":4},"end":{"line":21,"column":23}},"12":{"start":{"line":23,"column":4},"end":{"line":23,"column":14}},"13":{"start":{"line":16,"column":13},"end":{"line":16,"column":30}},"14":{"start":{"line":27,"column":28},"end":{"line":34,"column":1}},"15":{"start":{"line":28,"column":2},"end":{"line":33,"column":3}},"16":{"start":{"line":29,"column":4},"end":{"line":29,"column":42}},"17":{"start":{"line":30,"column":4},"end":{"line":30,"column":37}},"18":{"start":{"line":32,"column":4},"end":{"line":32,"column":14}},"19":{"start":{"line":27,"column":13},"end":{"line":27,"column":28}},"20":{"start":{"line":36,"column":27},"end":{"line":46,"column":1}},"21":{"start":{"line":37,"column":2},"end":{"line":45,"column":3}},"22":{"start":{"line":38,"column":4},"end":{"line":38,"column":54}},"23":{"start":{"line":39,"column":15},"end":{"line":39,"column":36}},"24":{"start":{"line":40,"column":21},"end":{"line":40,"column":45}},"25":{"start":{"line":41,"column":4},"end":{"line":41,"column":56}},"26":{"start":{"line":41,"column":19},"end":{"line":41,"column":56}},"27":{"start":{"line":42,"column":4},"end":{"line":42,"column":23}},"28":{"start":{"line":44,"column":4},"end":{"line":44,"column":14}},"29":{"start":{"line":36,"column":13},"end":{"line":36,"column":27}},"30":{"start":{"line":48,"column":30},"end":{"line":59,"column":1}},"31":{"start":{"line":49,"column":2},"end":{"line":58,"column":3}},"32":{"start":{"line":50,"column":4},"end":{"line":50,"column":54}},"33":{"start":{"line":51,"column":15},"end":{"line":51,"column":36}},"34":{"start":{"line":52,"column":17},"end":{"line":52,"column":48}},"35":{"start":{"line":53,"column":20},"end":{"line":53,"column":50}},"36":{"start":{"line":54,"column":4},"end":{"line":54,"column":70}},"37":{"start":{"line":54,"column":18},"end":{"line":54,"column":70}},"38":{"start":{"line":55,"column":4},"end":{"line":55,"column":22}},"39":{"start":{"line":57,"column":4},"end":{"line":57,"column":14}},"40":{"start":{"line":48,"column":13},"end":{"line":48,"column":30}},"41":{"start":{"line":61,"column":30},"end":{"line":71,"column":1}},"42":{"start":{"line":62,"column":2},"end":{"line":70,"column":3}},"43":{"start":{"line":63,"column":4},"end":{"line":63,"column":54}},"44":{"start":{"line":64,"column":15},"end":{"line":64,"column":36}},"45":{"start":{"line":65,"column":20},"end":{"line":65,"column":44}},"46":{"start":{"line":66,"column":4},"end":{"line":66,"column":70}},"47":{"start":{"line":66,"column":18},"end":{"line":66,"column":70}},"48":{"start":{"line":67,"column":4},"end":{"line":67,"column":68}},"49":{"start":{"line":69,"column":4},"end":{"line":69,"column":14}},"50":{"start":{"line":61,"column":13},"end":{"line":61,"column":30}}},"fnMap":{"0":{"name":"(anonymous_9)","decl":{"start":{"line":10,"column":17},"end":{"line":10,"column":18}},"loc":{"start":{"line":10,"column":33},"end":{"line":14,"column":1}}},"1":{"name":"(anonymous_10)","decl":{"start":{"line":16,"column":30},"end":{"line":16,"column":35}},"loc":{"start":{"line":16,"column":88},"end":{"line":25,"column":1}}},"2":{"name":"(anonymous_11)","decl":{"start":{"line":27,"column":28},"end":{"line":27,"column":33}},"loc":{"start":{"line":27,"column":84},"end":{"line":34,"column":1}}},"3":{"name":"(anonymous_12)","decl":{"start":{"line":36,"column":27},"end":{"line":36,"column":32}},"loc":{"start":{"line":36,"column":85},"end":{"line":46,"column":1}}},"4":{"name":"(anonymous_13)","decl":{"start":{"line":48,"column":30},"end":{"line":48,"column":35}},"loc":{"start":{"line":48,"column":88},"end":{"line":59,"column":1}}},"5":{"name":"(anonymous_14)","decl":{"start":{"line":61,"column":30},"end":{"line":61,"column":35}},"loc":{"start":{"line":61,"column":88},"end":{"line":71,"column":1}}}},"branchMap":{"0":{"loc":{"start":{"line":41,"column":4},"end":{"line":41,"column":56}},"type":"if","locations":[{"start":{"line":41,"column":4},"end":{"line":41,"column":56}},{"start":{},"end":{}}]},"1":{"loc":{"start":{"line":54,"column":4},"end":{"line":54,"column":70}},"type":"if","locations":[{"start":{"line":54,"column":4},"end":{"line":54,"column":70}},{"start":{},"end":{}}]},"2":{"loc":{"start":{"line":66,"column":4},"end":{"line":66,"column":70}},"type":"if","locations":[{"start":{"line":66,"column":4},"end":{"line":66,"column":70}},{"start":{},"end":{}}]}},"s":{"0":3,"1":3,"2":3,"3":3,"4":3,"5":3,"6":3,"7":1,"8":1,"9":1,"10":1,"11":1,"12":0,"13":3,"14":3,"15":2,"16":2,"17":2,"18":1,"19":3,"20":3,"21":2,"22":2,"23":2,"24":2,"25":2,"26":1,"27":1,"28":1,"29":3,"30":3,"31":2,"32":2,"33":2,"34":2,"35":2,"36":2,"37":1,"38":1,"39":1,"40":3,"41":3,"42":2,"43":2,"44":2,"45":2,"46":2,"47":1,"48":1,"49":1,"50":3},"f":{"0":3,"1":1,"2":2,"3":2,"4":2,"5":2},"b":{"0":[1,1],"1":[1,1],"2":[1,1]}}
,"/Users/dev/Desktop/Table-reservation/backend/src/controllers/reservation.ts": {"path":"/Users/dev/Desktop/Table-reservation/backend/src/controllers/reservation.ts","statementMap":{"0":{"start":{"line":2,"column":0},"end":{"line":2,"column":41}},"1":{"start":{"line":3,"column":0},"end":{"line":3,"column":62}},"2":{"start":{"line":13,"column":33},"end":{"line":33,"column":1}},"3":{"start":{"line":14,"column":2},"end":{"line":32,"column":3}},"4":{"start":{"line":15,"column":4},"end":{"line":15,"column":40}},"5":{"start":{"line":16,"column":17},"end":{"line":16,"column":51}},"6":{"start":{"line":18,"column":19},"end":{"line":26,"column":6}},"7":{"start":{"line":28,"column":4},"end":{"line":28,"column":40}},"8":{"start":{"line":30,"column":4},"end":{"line":30,"column":32}},"9":{"start":{"line":31,"column":4},"end":{"line":31,"column":76}},"10":{"start":{"line":13,"column":13},"end":{"line":13,"column":33}},"11":{"start":{"line":35,"column":31},"end":{"line":39,"column":1}},"12":{"start":{"line":36,"column":2},"end":{"line":36,"column":43}},"13":{"start":{"line":37,"column":15},"end":{"line":37,"column":48}},"14":{"start":{"line":38,"column":2},"end":{"line":38,"column":24}},"15":{"start":{"line":35,"column":13},"end":{"line":35,"column":31}},"16":{"start":{"line":41,"column":30},"end":{"line":46,"column":1}},"17":{"start":{"line":42,"column":2},"end":{"line":42,"column":55}},"18":{"start":{"line":43,"column":13},"end":{"line":43,"column":34}},"19":{"start":{"line":44,"column":15},"end":{"line":44,"column":50}},"20":{"start":{"line":45,"column":2},"end":{"line":45,"column":24}},"21":{"start":{"line":41,"column":13},"end":{"line":41,"column":30}},"22":{"start":{"line":48,"column":33},"end":{"line":60,"column":1}},"23":{"start":{"line":49,"column":2},"end":{"line":49,"column":55}},"24":{"start":{"line":50,"column":13},"end":{"line":50,"column":34}},"25":{"start":{"line":51,"column":15},"end":{"line":51,"column":49}},"26":{"start":{"line":53,"column":18},"end":{"line":56,"column":4}},"27":{"start":{"line":58,"column":17},"end":{"line":58,"column":61}},"28":{"start":{"line":59,"column":2},"end":{"line":59,"column":26}},"29":{"start":{"line":48,"column":13},"end":{"line":48,"column":33}},"30":{"start":{"line":62,"column":33},"end":{"line":67,"column":1}},"31":{"start":{"line":63,"column":2},"end":{"line":63,"column":55}},"32":{"start":{"line":64,"column":13},"end":{"line":64,"column":34}},"33":{"start":{"line":65,"column":2},"end":{"line":65,"column":38}},"34":{"start":{"line":66,"column":2},"end":{"line":66,"column":42}},"35":{"start":{"line":62,"column":13},"end":{"line":62,"column":33}},"36":{"start":{"line":69,"column":36},"end":{"line":74,"column":1}},"37":{"start":{"line":70,"column":2},"end":{"line":70,"column":68}},"38":{"start":{"line":71,"column":13},"end":{"line":71,"column":34}},"39":{"start":{"line":72,"column":18},"end":{"line":72,"column":73}},"40":{"start":{"line":73,"column":2},"end":{"line":73,"column":27}},"41":{"start":{"line":69,"column":13},"end":{"line":69,"column":36}},"42":{"start":{"line":76,"column":36},"end":{"line":81,"column":1}},"43":{"start":{"line":77,"column":2},"end":{"line":77,"column":57}},"44":{"start":{"line":78,"column":13},"end":{"line":78,"column":34}},"45":{"start":{"line":79,"column":18},"end":{"line":79,"column":72}},"46":{"start":{"line":80,"column":2},"end":{"line":80,"column":27}},"47":{"start":{"line":76,"column":13},"end":{"line":76,"column":36}},"48":{"start":{"line":83,"column":39},"end":{"line":87,"column":1}},"49":{"start":{"line":84,"column":2},"end":{"line":84,"column":48}},"50":{"start":{"line":85,"column":15},"end":{"line":85,"column":53}},"51":{"start":{"line":86,"column":2},"end":{"line":86,"column":24}},"52":{"start":{"line":83,"column":13},"end":{"line":83,"column":39}},"53":{"start":{"line":89,"column":40},"end":{"line":93,"column":1}},"54":{"start":{"line":90,"column":2},"end":{"line":90,"column":50}},"55":{"start":{"line":91,"column":15},"end":{"line":91,"column":54}},"56":{"start":{"line":92,"column":2},"end":{"line":92,"column":24}},"57":{"start":{"line":89,"column":13},"end":{"line":89,"column":40}},"58":{"start":{"line":95,"column":40},"end":{"line":99,"column":1}},"59":{"start":{"line":96,"column":2},"end":{"line":96,"column":49}},"60":{"start":{"line":97,"column":15},"end":{"line":97,"column":54}},"61":{"start":{"line":98,"column":2},"end":{"line":98,"column":24}},"62":{"start":{"line":95,"column":13},"end":{"line":95,"column":40}}},"fnMap":{"0":{"name":"(anonymous_9)","decl":{"start":{"line":13,"column":33},"end":{"line":13,"column":38}},"loc":{"start":{"line":13,"column":71},"end":{"line":33,"column":1}}},"1":{"name":"(anonymous_10)","decl":{"start":{"line":35,"column":31},"end":{"line":35,"column":36}},"loc":{"start":{"line":35,"column":70},"end":{"line":39,"column":1}}},"2":{"name":"(anonymous_11)","decl":{"start":{"line":41,"column":30},"end":{"line":41,"column":35}},"loc":{"start":{"line":41,"column":68},"end":{"line":46,"column":1}}},"3":{"name":"(anonymous_12)","decl":{"start":{"line":48,"column":33},"end":{"line":48,"column":38}},"loc":{"start":{"line":48,"column":71},"end":{"line":60,"column":1}}},"4":{"name":"(anonymous_13)","decl":{"start":{"line":62,"column":33},"end":{"line":62,"column":38}},"loc":{"start":{"line":62,"column":71},"end":{"line":67,"column":1}}},"5":{"name":"(anonymous_14)","decl":{"start":{"line":69,"column":36},"end":{"line":69,"column":41}},"loc":{"start":{"line":69,"column":74},"end":{"line":74,"column":1}}},"6":{"name":"(anonymous_15)","decl":{"start":{"line":76,"column":36},"end":{"line":76,"column":41}},"loc":{"start":{"line":76,"column":74},"end":{"line":81,"column":1}}},"7":{"name":"(anonymous_16)","decl":{"start":{"line":83,"column":39},"end":{"line":83,"column":44}},"loc":{"start":{"line":83,"column":59},"end":{"line":87,"column":1}}},"8":{"name":"(anonymous_17)","decl":{"start":{"line":89,"column":40},"end":{"line":89,"column":45}},"loc":{"start":{"line":89,"column":60},"end":{"line":93,"column":1}}},"9":{"name":"(anonymous_18)","decl":{"start":{"line":95,"column":40},"end":{"line":95,"column":45}},"loc":{"start":{"line":95,"column":60},"end":{"line":99,"column":1}}}},"branchMap":{"0":{"loc":{"start":{"line":21,"column":13},"end":{"line":21,"column":31}},"type":"binary-expr","locations":[{"start":{"line":21,"column":13},"end":{"line":21,"column":23}},{"start":{"line":21,"column":27},"end":{"line":21,"column":31}}]},"1":{"loc":{"start":{"line":25,"column":23},"end":{"line":25,"column":51}},"type":"binary-expr","locations":[{"start":{"line":25,"column":23},"end":{"line":25,"column":43}},{"start":{"line":25,"column":47},"end":{"line":25,"column":51}}]},"2":{"loc":{"start":{"line":31,"column":41},"end":{"line":31,"column":72}},"type":"binary-expr","locations":[{"start":{"line":31,"column":41},"end":{"line":31,"column":54}},{"start":{"line":31,"column":58},"end":{"line":31,"column":72}}]},"3":{"loc":{"start":{"line":55,"column":21},"end":{"line":55,"column":86}},"type":"cond-expr","locations":[{"start":{"line":55,"column":44},"end":{"line":55,"column":74}},{"start":{"line":55,"column":77},"end":{"line":55,"column":86}}]}},"s":{"0":3,"1":3,"2":3,"3":2,"4":2,"5":2,"6":2,"7":1,"8":1,"9":1,"10":3,"11":3,"12":1,"13":1,"14":1,"15":3,"16":3,"17":2,"18":2,"19":2,"20":2,"21":3,"22":3,"23":1,"24":1,"25":1,"26":1,"27":1,"28":1,"29":3,"30":3,"31":1,"32":1,"33":1,"34":1,"35":3,"36":3,"37":1,"38":1,"39":1,"40":1,"41":3,"42":3,"43":1,"44":1,"45":1,"46":1,"47":3,"48":3,"49":1,"50":1,"51":1,"52":3,"53":3,"54":1,"55":1,"56":1,"57":3,"58":3,"59":1,"60":1,"61":1,"62":3},"f":{"0":2,"1":1,"2":2,"3":1,"4":1,"5":1,"6":1,"7":1,"8":1,"9":1},"b":{"0":[2,2],"1":[2,2],"2":[1,0],"3":[0,1]}}
,"/Users/dev/Desktop/Table-reservation/backend/src/controllers/restaurant.ts": {"path":"/Users/dev/Desktop/Table-reservation/backend/src/controllers/restaurant.ts","statementMap":{"0":{"start":{"line":2,"column":0},"end":{"line":2,"column":41}},"1":{"start":{"line":3,"column":0},"end":{"line":3,"column":50}},"2":{"start":{"line":13,"column":17},"end":{"line":17,"column":1}},"3":{"start":{"line":14,"column":19},"end":{"line":14,"column":33}},"4":{"start":{"line":15,"column":2},"end":{"line":15,"column":19}},"5":{"start":{"line":16,"column":2},"end":{"line":16,"column":13}},"6":{"start":{"line":19,"column":32},"end":{"line":28,"column":1}},"7":{"start":{"line":20,"column":2},"end":{"line":27,"column":3}},"8":{"start":{"line":21,"column":4},"end":{"line":21,"column":39}},"9":{"start":{"line":22,"column":17},"end":{"line":22,"column":50}},"10":{"start":{"line":23,"column":23},"end":{"line":23,"column":49}},"11":{"start":{"line":24,"column":4},"end":{"line":24,"column":25}},"12":{"start":{"line":26,"column":4},"end":{"line":26,"column":14}},"13":{"start":{"line":19,"column":13},"end":{"line":19,"column":32}},"14":{"start":{"line":30,"column":30},"end":{"line":38,"column":1}},"15":{"start":{"line":31,"column":2},"end":{"line":37,"column":3}},"16":{"start":{"line":32,"column":4},"end":{"line":32,"column":44}},"17":{"start":{"line":33,"column":24},"end":{"line":33,"column":46}},"18":{"start":{"line":34,"column":4},"end":{"line":34,"column":26}},"19":{"start":{"line":36,"column":4},"end":{"line":36,"column":14}},"20":{"start":{"line":30,"column":13},"end":{"line":30,"column":30}},"21":{"start":{"line":40,"column":29},"end":{"line":50,"column":1}},"22":{"start":{"line":41,"column":2},"end":{"line":49,"column":3}},"23":{"start":{"line":42,"column":4},"end":{"line":42,"column":56}},"24":{"start":{"line":43,"column":15},"end":{"line":43,"column":36}},"25":{"start":{"line":44,"column":23},"end":{"line":44,"column":47}},"26":{"start":{"line":45,"column":4},"end":{"line":45,"column":60}},"27":{"start":{"line":45,"column":21},"end":{"line":45,"column":60}},"28":{"start":{"line":46,"column":4},"end":{"line":46,"column":25}},"29":{"start":{"line":48,"column":4},"end":{"line":48,"column":14}},"30":{"start":{"line":40,"column":13},"end":{"line":40,"column":29}},"31":{"start":{"line":52,"column":32},"end":{"line":63,"column":1}},"32":{"start":{"line":53,"column":2},"end":{"line":62,"column":3}},"33":{"start":{"line":54,"column":4},"end":{"line":54,"column":56}},"34":{"start":{"line":55,"column":15},"end":{"line":55,"column":36}},"35":{"start":{"line":56,"column":17},"end":{"line":56,"column":50}},"36":{"start":{"line":57,"column":20},"end":{"line":57,"column":50}},"37":{"start":{"line":58,"column":4},"end":{"line":58,"column":72}},"38":{"start":{"line":58,"column":18},"end":{"line":58,"column":72}},"39":{"start":{"line":59,"column":4},"end":{"line":59,"column":22}},"40":{"start":{"line":61,"column":4},"end":{"line":61,"column":14}},"41":{"start":{"line":52,"column":13},"end":{"line":52,"column":32}},"42":{"start":{"line":65,"column":32},"end":{"line":75,"column":1}},"43":{"start":{"line":66,"column":2},"end":{"line":74,"column":3}},"44":{"start":{"line":67,"column":4},"end":{"line":67,"column":56}},"45":{"start":{"line":68,"column":15},"end":{"line":68,"column":36}},"46":{"start":{"line":69,"column":20},"end":{"line":69,"column":44}},"47":{"start":{"line":70,"column":4},"end":{"line":70,"column":72}},"48":{"start":{"line":70,"column":18},"end":{"line":70,"column":72}},"49":{"start":{"line":71,"column":4},"end":{"line":71,"column":70}},"50":{"start":{"line":73,"column":4},"end":{"line":73,"column":14}},"51":{"start":{"line":65,"column":13},"end":{"line":65,"column":32}}},"fnMap":{"0":{"name":"(anonymous_9)","decl":{"start":{"line":13,"column":17},"end":{"line":13,"column":18}},"loc":{"start":{"line":13,"column":33},"end":{"line":17,"column":1}}},"1":{"name":"(anonymous_10)","decl":{"start":{"line":19,"column":32},"end":{"line":19,"column":37}},"loc":{"start":{"line":19,"column":90},"end":{"line":28,"column":1}}},"2":{"name":"(anonymous_11)","decl":{"start":{"line":30,"column":30},"end":{"line":30,"column":35}},"loc":{"start":{"line":30,"column":86},"end":{"line":38,"column":1}}},"3":{"name":"(anonymous_12)","decl":{"start":{"line":40,"column":29},"end":{"line":40,"column":34}},"loc":{"start":{"line":40,"column":87},"end":{"line":50,"column":1}}},"4":{"name":"(anonymous_13)","decl":{"start":{"line":52,"column":32},"end":{"line":52,"column":37}},"loc":{"start":{"line":52,"column":90},"end":{"line":63,"column":1}}},"5":{"name":"(anonymous_14)","decl":{"start":{"line":65,"column":32},"end":{"line":65,"column":37}},"loc":{"start":{"line":65,"column":90},"end":{"line":75,"column":1}}}},"branchMap":{"0":{"loc":{"start":{"line":45,"column":4},"end":{"line":45,"column":60}},"type":"if","locations":[{"start":{"line":45,"column":4},"end":{"line":45,"column":60}},{"start":{},"end":{}}]},"1":{"loc":{"start":{"line":58,"column":4},"end":{"line":58,"column":72}},"type":"if","locations":[{"start":{"line":58,"column":4},"end":{"line":58,"column":72}},{"start":{},"end":{}}]},"2":{"loc":{"start":{"line":70,"column":4},"end":{"line":70,"column":72}},"type":"if","locations":[{"start":{"line":70,"column":4},"end":{"line":70,"column":72}},{"start":{},"end":{}}]}},"s":{"0":3,"1":3,"2":3,"3":3,"4":3,"5":3,"6":3,"7":2,"8":2,"9":2,"10":2,"11":1,"12":1,"13":3,"14":3,"15":1,"16":1,"17":1,"18":1,"19":0,"20":3,"21":3,"22":2,"23":2,"24":2,"25":2,"26":2,"27":1,"28":1,"29":1,"30":3,"31":3,"32":2,"33":2,"34":2,"35":2,"36":2,"37":2,"38":1,"39":1,"40":1,"41":3,"42":3,"43":2,"44":2,"45":2,"46":2,"47":2,"48":1,"49":1,"50":1,"51":3},"f":{"0":3,"1":2,"2":1,"3":2,"4":2,"5":2},"b":{"0":[1,1],"1":[1,1],"2":[1,1]}}
,"/Users/dev/Desktop/Table-reservation/backend/src/controllers/table.ts": {"path":"/Users/dev/Desktop/Table-reservation/backend/src/controllers/table.ts","statementMap":{"0":{"start":{"line":2,"column":0},"end":{"line":2,"column":41}},"1":{"start":{"line":3,"column":0},"end":{"line":3,"column":45}},"2":{"start":{"line":13,"column":17},"end":{"line":17,"column":1}},"3":{"start":{"line":14,"column":19},"end":{"line":14,"column":33}},"4":{"start":{"line":15,"column":2},"end":{"line":15,"column":19}},"5":{"start":{"line":16,"column":2},"end":{"line":16,"column":13}},"6":{"start":{"line":19,"column":27},"end":{"line":28,"column":1}},"7":{"start":{"line":20,"column":2},"end":{"line":27,"column":3}},"8":{"start":{"line":21,"column":4},"end":{"line":21,"column":34}},"9":{"start":{"line":22,"column":17},"end":{"line":22,"column":45}},"10":{"start":{"line":23,"column":18},"end":{"line":23,"column":44}},"11":{"start":{"line":24,"column":4},"end":{"line":24,"column":20}},"12":{"start":{"line":26,"column":4},"end":{"line":26,"column":14}},"13":{"start":{"line":19,"column":13},"end":{"line":19,"column":27}},"14":{"start":{"line":30,"column":25},"end":{"line":38,"column":1}},"15":{"start":{"line":31,"column":2},"end":{"line":37,"column":3}},"16":{"start":{"line":32,"column":4},"end":{"line":32,"column":39}},"17":{"start":{"line":33,"column":19},"end":{"line":33,"column":41}},"18":{"start":{"line":34,"column":4},"end":{"line":34,"column":21}},"19":{"start":{"line":36,"column":4},"end":{"line":36,"column":14}},"20":{"start":{"line":30,"column":13},"end":{"line":30,"column":25}},"21":{"start":{"line":40,"column":24},"end":{"line":50,"column":1}},"22":{"start":{"line":41,"column":2},"end":{"line":49,"column":3}},"23":{"start":{"line":42,"column":4},"end":{"line":42,"column":51}},"24":{"start":{"line":43,"column":15},"end":{"line":43,"column":36}},"25":{"start":{"line":44,"column":18},"end":{"line":44,"column":42}},"26":{"start":{"line":45,"column":4},"end":{"line":45,"column":50}},"27":{"start":{"line":45,"column":16},"end":{"line":45,"column":50}},"28":{"start":{"line":46,"column":4},"end":{"line":46,"column":20}},"29":{"start":{"line":48,"column":4},"end":{"line":48,"column":14}},"30":{"start":{"line":40,"column":13},"end":{"line":40,"column":24}},"31":{"start":{"line":52,"column":27},"end":{"line":63,"column":1}},"32":{"start":{"line":53,"column":2},"end":{"line":62,"column":3}},"33":{"start":{"line":54,"column":4},"end":{"line":54,"column":51}},"34":{"start":{"line":55,"column":15},"end":{"line":55,"column":36}},"35":{"start":{"line":56,"column":17},"end":{"line":56,"column":45}},"36":{"start":{"line":57,"column":20},"end":{"line":57,"column":50}},"37":{"start":{"line":58,"column":4},"end":{"line":58,"column":67}},"38":{"start":{"line":58,"column":18},"end":{"line":58,"column":67}},"39":{"start":{"line":59,"column":4},"end":{"line":59,"column":22}},"40":{"start":{"line":61,"column":4},"end":{"line":61,"column":14}},"41":{"start":{"line":52,"column":13},"end":{"line":52,"column":27}},"42":{"start":{"line":65,"column":27},"end":{"line":75,"column":1}},"43":{"start":{"line":66,"column":2},"end":{"line":74,"column":3}},"44":{"start":{"line":67,"column":4},"end":{"line":67,"column":51}},"45":{"start":{"line":68,"column":15},"end":{"line":68,"column":36}},"46":{"start":{"line":69,"column":20},"end":{"line":69,"column":44}},"47":{"start":{"line":70,"column":4},"end":{"line":70,"column":67}},"48":{"start":{"line":70,"column":18},"end":{"line":70,"column":67}},"49":{"start":{"line":71,"column":4},"end":{"line":71,"column":65}},"50":{"start":{"line":73,"column":4},"end":{"line":73,"column":14}},"51":{"start":{"line":65,"column":13},"end":{"line":65,"column":27}}},"fnMap":{"0":{"name":"(anonymous_9)","decl":{"start":{"line":13,"column":17},"end":{"line":13,"column":18}},"loc":{"start":{"line":13,"column":33},"end":{"line":17,"column":1}}},"1":{"name":"(anonymous_10)","decl":{"start":{"line":19,"column":27},"end":{"line":19,"column":32}},"loc":{"start":{"line":19,"column":85},"end":{"line":28,"column":1}}},"2":{"name":"(anonymous_11)","decl":{"start":{"line":30,"column":25},"end":{"line":30,"column":30}},"loc":{"start":{"line":30,"column":81},"end":{"line":38,"column":1}}},"3":{"name":"(anonymous_12)","decl":{"start":{"line":40,"column":24},"end":{"line":40,"column":29}},"loc":{"start":{"line":40,"column":82},"end":{"line":50,"column":1}}},"4":{"name":"(anonymous_13)","decl":{"start":{"line":52,"column":27},"end":{"line":52,"column":32}},"loc":{"start":{"line":52,"column":85},"end":{"line":63,"column":1}}},"5":{"name":"(anonymous_14)","decl":{"start":{"line":65,"column":27},"end":{"line":65,"column":32}},"loc":{"start":{"line":65,"column":85},"end":{"line":75,"column":1}}}},"branchMap":{"0":{"loc":{"start":{"line":45,"column":4},"end":{"line":45,"column":50}},"type":"if","locations":[{"start":{"line":45,"column":4},"end":{"line":45,"column":50}},{"start":{},"end":{}}]},"1":{"loc":{"start":{"line":58,"column":4},"end":{"line":58,"column":67}},"type":"if","locations":[{"start":{"line":58,"column":4},"end":{"line":58,"column":67}},{"start":{},"end":{}}]},"2":{"loc":{"start":{"line":70,"column":4},"end":{"line":70,"column":67}},"type":"if","locations":[{"start":{"line":70,"column":4},"end":{"line":70,"column":67}},{"start":{},"end":{}}]}},"s":{"0":3,"1":3,"2":3,"3":3,"4":3,"5":3,"6":3,"7":2,"8":2,"9":2,"10":2,"11":1,"12":1,"13":3,"14":3,"15":2,"16":2,"17":2,"18":1,"19":1,"20":3,"21":3,"22":2,"23":2,"24":2,"25":2,"26":2,"27":1,"28":1,"29":1,"30":3,"31":3,"32":2,"33":2,"34":2,"35":2,"36":2,"37":2,"38":1,"39":1,"40":1,"41":3,"42":3,"43":2,"44":2,"45":2,"46":2,"47":2,"48":1,"49":1,"50":1,"51":3},"f":{"0":3,"1":2,"2":2,"3":2,"4":2,"5":2},"b":{"0":[1,1],"1":[1,1],"2":[1,1]}}
,"/Users/dev/Desktop/Table-reservation/backend/src/middleware/error.ts": {"path":"/Users/dev/Desktop/Table-reservation/backend/src/middleware/error.ts","statementMap":{"0":{"start":{"line":3,"column":0},"end":{"line":4,"column":47}},"1":{"start":{"line":4,"column":2},"end":{"line":4,"column":46}}},"fnMap":{"0":{"name":"(anonymous_0)","decl":{"start":{"line":3,"column":15},"end":{"line":3,"column":16}},"loc":{"start":{"line":4,"column":2},"end":{"line":4,"column":46}}}},"branchMap":{},"s":{"0":2,"1":1},"f":{"0":1},"b":{}}
,"/Users/dev/Desktop/Table-reservation/backend/src/middleware/logger.ts": {"path":"/Users/dev/Desktop/Table-reservation/backend/src/middleware/logger.ts","statementMap":{"0":{"start":{"line":2,"column":0},"end":{"line":2,"column":41}},"1":{"start":{"line":4,"column":29},"end":{"line":7,"column":1}},"2":{"start":{"line":5,"column":2},"end":{"line":5,"column":42}},"3":{"start":{"line":6,"column":2},"end":{"line":6,"column":9}},"4":{"start":{"line":4,"column":13},"end":{"line":4,"column":29}}},"fnMap":{"0":{"name":"(anonymous_0)","decl":{"start":{"line":4,"column":29},"end":{"line":4,"column":30}},"loc":{"start":{"line":4,"column":82},"end":{"line":7,"column":1}}}},"branchMap":{},"s":{"0":2,"1":2,"2":2,"3":2,"4":2},"f":{"0":2},"b":{}}
,"/Users/dev/Desktop/Table-reservation/backend/src/middleware/validate.ts": {"path":"/Users/dev/Desktop/Table-reservation/backend/src/middleware/validate.ts","statementMap":{"0":{"start":{"line":1,"column":0},"end":{"line":1,"column":42}},"1":{"start":{"line":5,"column":2},"end":{"line":25,"column":3}},"2":{"start":{"line":6,"column":2},"end":{"line":25,"column":3}},"3":{"start":{"line":7,"column":4},"end":{"line":24,"column":5}},"4":{"start":{"line":8,"column":6},"end":{"line":12,"column":9}},"5":{"start":{"line":14,"column":6},"end":{"line":14,"column":13}},"6":{"start":{"line":16,"column":6},"end":{"line":21,"column":7}},"7":{"start":{"line":17,"column":8},"end":{"line":20,"column":11}},"8":{"start":{"line":23,"column":6},"end":{"line":23,"column":16}},"9":{"start":{"line":4,"column":13},"end":{"line":4,"column":null}}},"fnMap":{"0":{"name":"(anonymous_0)","decl":{"start":{"line":5,"column":2},"end":{"line":5,"column":3}},"loc":{"start":{"line":6,"column":2},"end":{"line":25,"column":3}}},"1":{"name":"(anonymous_1)","decl":{"start":{"line":6,"column":2},"end":{"line":6,"column":3}},"loc":{"start":{"line":6,"column":54},"end":{"line":25,"column":3}}}},"branchMap":{"0":{"loc":{"start":{"line":16,"column":6},"end":{"line":21,"column":7}},"type":"if","locations":[{"start":{"line":16,"column":6},"end":{"line":21,"column":7}},{"start":{},"end":{}}]}},"s":{"0":3,"1":3,"2":39,"3":21,"4":21,"5":19,"6":2,"7":1,"8":1,"9":3},"f":{"0":39,"1":21},"b":{"0":[1,1]}}
,"/Users/dev/Desktop/Table-reservation/backend/src/routes/customer.ts": {"path":"/Users/dev/Desktop/Table-reservation/backend/src/routes/customer.ts","statementMap":{"0":{"start":{"line":1,"column":0},"end":{"line":1,"column":33}},"1":{"start":{"line":2,"column":0},"end":{"line":2,"column":54}},"2":{"start":{"line":3,"column":0},"end":{"line":3,"column":50}},"3":{"start":{"line":4,"column":0},"end":{"line":4,"column":null}},"4":{"start":{"line":10,"column":15},"end":{"line":10,"column":23}},"5":{"start":{"line":12,"column":0},"end":{"line":12,"column":76}},"6":{"start":{"line":13,"column":0},"end":{"line":13,"column":41}},"7":{"start":{"line":14,"column":0},"end":{"line":14,"column":68}},"8":{"start":{"line":15,"column":0},"end":{"line":15,"column":78}},"9":{"start":{"line":16,"column":0},"end":{"line":16,"column":74}},"10":{"start":{"line":18,"column":0},"end":{"line":18,"column":22}}},"fnMap":{},"branchMap":{},"s":{"0":2,"1":2,"2":2,"3":2,"4":2,"5":2,"6":2,"7":2,"8":2,"9":2,"10":2},"f":{},"b":{}}
,"/Users/dev/Desktop/Table-reservation/backend/src/routes/reservation.ts": {"path":"/Users/dev/Desktop/Table-reservation/backend/src/routes/reservation.ts","statementMap":{"0":{"start":{"line":1,"column":0},"end":{"line":1,"column":33}},"1":{"start":{"line":2,"column":0},"end":{"line":2,"column":null}},"2":{"start":{"line":15,"column":0},"end":{"line":15,"column":50}},"3":{"start":{"line":16,"column":0},"end":{"line":16,"column":null}},"4":{"start":{"line":22,"column":15},"end":{"line":22,"column":23}},"5":{"start":{"line":24,"column":0},"end":{"line":24,"column":71}},"6":{"start":{"line":25,"column":0},"end":{"line":25,"column":33}},"7":{"start":{"line":26,"column":0},"end":{"line":26,"column":60}},"8":{"start":{"line":27,"column":0},"end":{"line":27,"column":73}},"9":{"start":{"line":28,"column":0},"end":{"line":28,"column":66}},"10":{"start":{"line":30,"column":0},"end":{"line":30,"column":78}},"11":{"start":{"line":31,"column":0},"end":{"line":31,"column":75}},"12":{"start":{"line":33,"column":0},"end":{"line":33,"column":56}},"13":{"start":{"line":34,"column":0},"end":{"line":34,"column":58}},"14":{"start":{"line":35,"column":0},"end":{"line":35,"column":58}},"15":{"start":{"line":37,"column":0},"end":{"line":37,"column":22}}},"fnMap":{},"branchMap":{},"s":{"0":2,"1":2,"2":2,"3":2,"4":2,"5":2,"6":2,"7":2,"8":2,"9":2,"10":2,"11":2,"12":2,"13":2,"14":2,"15":2},"f":{},"b":{}}
,"/Users/dev/Desktop/Table-reservation/backend/src/routes/restaurant.ts": {"path":"/Users/dev/Desktop/Table-reservation/backend/src/routes/restaurant.ts","statementMap":{"0":{"start":{"line":1,"column":0},"end":{"line":1,"column":33}},"1":{"start":{"line":2,"column":0},"end":{"line":2,"column":56}},"2":{"start":{"line":3,"column":0},"end":{"line":3,"column":50}},"3":{"start":{"line":4,"column":0},"end":{"line":4,"column":null}},"4":{"start":{"line":10,"column":15},"end":{"line":10,"column":23}},"5":{"start":{"line":12,"column":0},"end":{"line":12,"column":80}},"6":{"start":{"line":13,"column":0},"end":{"line":13,"column":43}},"7":{"start":{"line":14,"column":0},"end":{"line":14,"column":70}},"8":{"start":{"line":15,"column":0},"end":{"line":15,"column":82}},"9":{"start":{"line":16,"column":0},"end":{"line":16,"column":76}},"10":{"start":{"line":18,"column":0},"end":{"line":18,"column":22}}},"fnMap":{},"branchMap":{},"s":{"0":2,"1":2,"2":2,"3":2,"4":2,"5":2,"6":2,"7":2,"8":2,"9":2,"10":2},"f":{},"b":{}}
,"/Users/dev/Desktop/Table-reservation/backend/src/routes/table.ts": {"path":"/Users/dev/Desktop/Table-reservation/backend/src/routes/table.ts","statementMap":{"0":{"start":{"line":1,"column":0},"end":{"line":1,"column":33}},"1":{"start":{"line":2,"column":0},"end":{"line":2,"column":51}},"2":{"start":{"line":3,"column":0},"end":{"line":3,"column":50}},"3":{"start":{"line":5,"column":0},"end":{"line":5,"column":null}},"4":{"start":{"line":11,"column":15},"end":{"line":11,"column":23}},"5":{"start":{"line":13,"column":0},"end":{"line":13,"column":70}},"6":{"start":{"line":14,"column":0},"end":{"line":14,"column":38}},"7":{"start":{"line":15,"column":0},"end":{"line":15,"column":65}},"8":{"start":{"line":16,"column":0},"end":{"line":16,"column":72}},"9":{"start":{"line":17,"column":0},"end":{"line":17,"column":71}},"10":{"start":{"line":19,"column":0},"end":{"line":19,"column":22}}},"fnMap":{},"branchMap":{},"s":{"0":2,"1":2,"2":2,"3":2,"4":2,"5":2,"6":2,"7":2,"8":2,"9":2,"10":2},"f":{},"b":{}}
,"/Users/dev/Desktop/Table-reservation/backend/src/services/customer.ts": {"path":"/Users/dev/Desktop/Table-reservation/backend/src/services/customer.ts","statementMap":{"0":{"start":{"line":1,"column":0},"end":{"line":1,"column":35}},"1":{"start":{"line":3,"column":22},"end":{"line":4,"column":34}},"2":{"start":{"line":4,"column":2},"end":{"line":4,"column":34}},"3":{"start":{"line":3,"column":13},"end":{"line":3,"column":22}},"4":{"start":{"line":6,"column":22},"end":{"line":7,"column":28}},"5":{"start":{"line":7,"column":2},"end":{"line":7,"column":28}},"6":{"start":{"line":6,"column":13},"end":{"line":6,"column":22}},"7":{"start":{"line":9,"column":22},"end":{"line":10,"column":47}},"8":{"start":{"line":10,"column":2},"end":{"line":10,"column":47}},"9":{"start":{"line":9,"column":13},"end":{"line":9,"column":22}},"10":{"start":{"line":12,"column":22},"end":{"line":13,"column":49}},"11":{"start":{"line":13,"column":2},"end":{"line":13,"column":49}},"12":{"start":{"line":12,"column":13},"end":{"line":12,"column":22}},"13":{"start":{"line":15,"column":22},"end":{"line":16,"column":43}},"14":{"start":{"line":16,"column":2},"end":{"line":16,"column":43}},"15":{"start":{"line":15,"column":13},"end":{"line":15,"column":22}}},"fnMap":{"0":{"name":"(anonymous_0)","decl":{"start":{"line":3,"column":22},"end":{"line":3,"column":23}},"loc":{"start":{"line":4,"column":2},"end":{"line":4,"column":34}}},"1":{"name":"(anonymous_1)","decl":{"start":{"line":6,"column":22},"end":{"line":6,"column":25}},"loc":{"start":{"line":7,"column":2},"end":{"line":7,"column":28}}},"2":{"name":"(anonymous_2)","decl":{"start":{"line":9,"column":22},"end":{"line":9,"column":23}},"loc":{"start":{"line":10,"column":2},"end":{"line":10,"column":47}}},"3":{"name":"(anonymous_3)","decl":{"start":{"line":12,"column":22},"end":{"line":12,"column":23}},"loc":{"start":{"line":13,"column":2},"end":{"line":13,"column":49}}},"4":{"name":"(anonymous_4)","decl":{"start":{"line":15,"column":22},"end":{"line":15,"column":23}},"loc":{"start":{"line":16,"column":2},"end":{"line":16,"column":43}}}},"branchMap":{},"s":{"0":4,"1":4,"2":1,"3":4,"4":4,"5":1,"6":4,"7":4,"8":1,"9":4,"10":4,"11":1,"12":4,"13":4,"14":1,"15":4},"f":{"0":1,"1":1,"2":1,"3":1,"4":1},"b":{}}
,"/Users/dev/Desktop/Table-reservation/backend/src/services/reservation.ts": {"path":"/Users/dev/Desktop/Table-reservation/backend/src/services/reservation.ts","statementMap":{"0":{"start":{"line":1,"column":0},"end":{"line":1,"column":35}},"1":{"start":{"line":3,"column":22},"end":{"line":50,"column":1}},"2":{"start":{"line":4,"column":20},"end":{"line":6,"column":4}},"3":{"start":{"line":8,"column":21},"end":{"line":13,"column":4}},"4":{"start":{"line":15,"column":25},"end":{"line":16,"column":null}},"5":{"start":{"line":16,"column":11},"end":{"line":16,"column":54}},"6":{"start":{"line":16,"column":35},"end":{"line":16,"column":53}},"7":{"start":{"line":19,"column":2},"end":{"line":21,"column":3}},"8":{"start":{"line":20,"column":4},"end":{"line":20,"column":63}},"9":{"start":{"line":23,"column":19},"end":{"line":29,"column":4}},"10":{"start":{"line":31,"column":2},"end":{"line":49,"column":5}},"11":{"start":{"line":3,"column":13},"end":{"line":3,"column":22}},"12":{"start":{"line":52,"column":22},"end":{"line":60,"column":4}},"13":{"start":{"line":53,"column":2},"end":{"line":60,"column":4}},"14":{"start":{"line":52,"column":13},"end":{"line":52,"column":22}},"15":{"start":{"line":62,"column":22},"end":{"line":70,"column":4}},"16":{"start":{"line":63,"column":2},"end":{"line":70,"column":4}},"17":{"start":{"line":62,"column":13},"end":{"line":62,"column":22}},"18":{"start":{"line":72,"column":22},"end":{"line":83,"column":4}},"19":{"start":{"line":73,"column":2},"end":{"line":83,"column":4}},"20":{"start":{"line":72,"column":13},"end":{"line":72,"column":22}},"21":{"start":{"line":85,"column":22},"end":{"line":86,"column":46}},"22":{"start":{"line":86,"column":2},"end":{"line":86,"column":46}},"23":{"start":{"line":85,"column":13},"end":{"line":85,"column":22}},"24":{"start":{"line":88,"column":28},"end":{"line":92,"column":4}},"25":{"start":{"line":89,"column":2},"end":{"line":92,"column":4}},"26":{"start":{"line":88,"column":13},"end":{"line":88,"column":28}},"27":{"start":{"line":94,"column":27},"end":{"line":103,"column":4}},"28":{"start":{"line":95,"column":2},"end":{"line":103,"column":4}},"29":{"start":{"line":94,"column":13},"end":{"line":94,"column":27}},"30":{"start":{"line":105,"column":28},"end":{"line":114,"column":4}},"31":{"start":{"line":106,"column":2},"end":{"line":114,"column":4}},"32":{"start":{"line":105,"column":13},"end":{"line":105,"column":28}},"33":{"start":{"line":116,"column":28},"end":{"line":125,"column":4}},"34":{"start":{"line":117,"column":2},"end":{"line":125,"column":4}},"35":{"start":{"line":116,"column":13},"end":{"line":116,"column":28}}},"fnMap":{"0":{"name":"(anonymous_0)","decl":{"start":{"line":3,"column":22},"end":{"line":3,"column":27}},"loc":{"start":{"line":3,"column":43},"end":{"line":50,"column":1}}},"1":{"name":"(anonymous_1)","decl":{"start":{"line":16,"column":4},"end":{"line":16,"column":5}},"loc":{"start":{"line":16,"column":11},"end":{"line":16,"column":54}}},"2":{"name":"(anonymous_2)","decl":{"start":{"line":16,"column":28},"end":{"line":16,"column":29}},"loc":{"start":{"line":16,"column":35},"end":{"line":16,"column":53}}},"3":{"name":"(anonymous_3)","decl":{"start":{"line":52,"column":22},"end":{"line":52,"column":25}},"loc":{"start":{"line":53,"column":2},"end":{"line":60,"column":4}}},"4":{"name":"(anonymous_4)","decl":{"start":{"line":62,"column":22},"end":{"line":62,"column":23}},"loc":{"start":{"line":63,"column":2},"end":{"line":70,"column":4}}},"5":{"name":"(anonymous_5)","decl":{"start":{"line":72,"column":22},"end":{"line":72,"column":23}},"loc":{"start":{"line":73,"column":2},"end":{"line":83,"column":4}}},"6":{"name":"(anonymous_6)","decl":{"start":{"line":85,"column":22},"end":{"line":85,"column":23}},"loc":{"start":{"line":86,"column":2},"end":{"line":86,"column":46}}},"7":{"name":"(anonymous_7)","decl":{"start":{"line":88,"column":28},"end":{"line":88,"column":29}},"loc":{"start":{"line":89,"column":2},"end":{"line":92,"column":4}}},"8":{"name":"(anonymous_8)","decl":{"start":{"line":94,"column":27},"end":{"line":94,"column":30}},"loc":{"start":{"line":95,"column":2},"end":{"line":103,"column":4}}},"9":{"name":"(anonymous_9)","decl":{"start":{"line":105,"column":28},"end":{"line":105,"column":31}},"loc":{"start":{"line":106,"column":2},"end":{"line":114,"column":4}}},"10":{"name":"(anonymous_10)","decl":{"start":{"line":116,"column":28},"end":{"line":116,"column":31}},"loc":{"start":{"line":117,"column":2},"end":{"line":125,"column":4}}}},"branchMap":{"0":{"loc":{"start":{"line":19,"column":2},"end":{"line":21,"column":3}},"type":"if","locations":[{"start":{"line":19,"column":2},"end":{"line":21,"column":3}},{"start":{},"end":{}}]},"1":{"loc":{"start":{"line":76,"column":23},"end":{"line":78,"column":19}},"type":"cond-expr","locations":[{"start":{"line":77,"column":10},"end":{"line":77,"column":41}},{"start":{"line":78,"column":10},"end":{"line":78,"column":19}}]}},"s":{"0":4,"1":4,"2":2,"3":2,"4":2,"5":2,"6":2,"7":2,"8":1,"9":1,"10":1,"11":4,"12":4,"13":1,"14":4,"15":4,"16":1,"17":4,"18":4,"19":1,"20":4,"21":4,"22":1,"23":4,"24":4,"25":1,"26":4,"27":4,"28":1,"29":4,"30":4,"31":1,"32":4,"33":4,"34":1,"35":4},"f":{"0":2,"1":2,"2":2,"3":1,"4":1,"5":1,"6":1,"7":1,"8":1,"9":1,"10":1},"b":{"0":[1,1],"1":[0,1]}}
,"/Users/dev/Desktop/Table-reservation/backend/src/services/restaurant.ts": {"path":"/Users/dev/Desktop/Table-reservation/backend/src/services/restaurant.ts","statementMap":{"0":{"start":{"line":1,"column":0},"end":{"line":1,"column":35}},"1":{"start":{"line":3,"column":22},"end":{"line":7,"column":1}},"2":{"start":{"line":4,"column":2},"end":{"line":6,"column":5}},"3":{"start":{"line":3,"column":13},"end":{"line":3,"column":22}},"4":{"start":{"line":9,"column":22},"end":{"line":11,"column":1}},"5":{"start":{"line":10,"column":2},"end":{"line":10,"column":38}},"6":{"start":{"line":9,"column":13},"end":{"line":9,"column":22}},"7":{"start":{"line":13,"column":22},"end":{"line":17,"column":1}},"8":{"start":{"line":14,"column":2},"end":{"line":16,"column":5}},"9":{"start":{"line":13,"column":13},"end":{"line":13,"column":22}},"10":{"start":{"line":19,"column":22},"end":{"line":24,"column":1}},"11":{"start":{"line":20,"column":2},"end":{"line":23,"column":5}},"12":{"start":{"line":19,"column":13},"end":{"line":19,"column":22}},"13":{"start":{"line":26,"column":22},"end":{"line":30,"column":1}},"14":{"start":{"line":27,"column":2},"end":{"line":29,"column":5}},"15":{"start":{"line":26,"column":13},"end":{"line":26,"column":22}}},"fnMap":{"0":{"name":"(anonymous_0)","decl":{"start":{"line":3,"column":22},"end":{"line":3,"column":27}},"loc":{"start":{"line":3,"column":42},"end":{"line":7,"column":1}}},"1":{"name":"(anonymous_1)","decl":{"start":{"line":9,"column":22},"end":{"line":9,"column":27}},"loc":{"start":{"line":9,"column":33},"end":{"line":11,"column":1}}},"2":{"name":"(anonymous_2)","decl":{"start":{"line":13,"column":22},"end":{"line":13,"column":27}},"loc":{"start":{"line":13,"column":43},"end":{"line":17,"column":1}}},"3":{"name":"(anonymous_3)","decl":{"start":{"line":19,"column":22},"end":{"line":19,"column":27}},"loc":{"start":{"line":19,"column":54},"end":{"line":24,"column":1}}},"4":{"name":"(anonymous_4)","decl":{"start":{"line":26,"column":22},"end":{"line":26,"column":27}},"loc":{"start":{"line":26,"column":43},"end":{"line":30,"column":1}}}},"branchMap":{},"s":{"0":3,"1":3,"2":1,"3":3,"4":3,"5":1,"6":3,"7":3,"8":1,"9":3,"10":3,"11":1,"12":3,"13":3,"14":1,"15":3},"f":{"0":1,"1":1,"2":1,"3":1,"4":1},"b":{}}
,"/Users/dev/Desktop/Table-reservation/backend/src/services/table.ts": {"path":"/Users/dev/Desktop/Table-reservation/backend/src/services/table.ts","statementMap":{"0":{"start":{"line":1,"column":0},"end":{"line":1,"column":35}},"1":{"start":{"line":3,"column":22},"end":{"line":13,"column":1}},"2":{"start":{"line":4,"column":16},"end":{"line":6,"column":4}},"3":{"start":{"line":8,"column":2},"end":{"line":10,"column":3}},"4":{"start":{"line":9,"column":4},"end":{"line":9,"column":61}},"5":{"start":{"line":12,"column":2},"end":{"line":12,"column":39}},"6":{"start":{"line":3,"column":13},"end":{"line":3,"column":22}},"7":{"start":{"line":15,"column":22},"end":{"line":18,"column":4}},"8":{"start":{"line":16,"column":2},"end":{"line":18,"column":4}},"9":{"start":{"line":15,"column":13},"end":{"line":15,"column":22}},"10":{"start":{"line":20,"column":22},"end":{"line":24,"column":4}},"11":{"start":{"line":21,"column":2},"end":{"line":24,"column":4}},"12":{"start":{"line":20,"column":13},"end":{"line":20,"column":22}},"13":{"start":{"line":26,"column":22},"end":{"line":27,"column":46}},"14":{"start":{"line":27,"column":2},"end":{"line":27,"column":46}},"15":{"start":{"line":26,"column":13},"end":{"line":26,"column":22}},"16":{"start":{"line":29,"column":22},"end":{"line":30,"column":40}},"17":{"start":{"line":30,"column":2},"end":{"line":30,"column":40}},"18":{"start":{"line":29,"column":13},"end":{"line":29,"column":22}}},"fnMap":{"0":{"name":"(anonymous_0)","decl":{"start":{"line":3,"column":22},"end":{"line":3,"column":27}},"loc":{"start":{"line":3,"column":42},"end":{"line":13,"column":1}}},"1":{"name":"(anonymous_1)","decl":{"start":{"line":15,"column":22},"end":{"line":15,"column":25}},"loc":{"start":{"line":16,"column":2},"end":{"line":18,"column":4}}},"2":{"name":"(anonymous_2)","decl":{"start":{"line":20,"column":22},"end":{"line":20,"column":23}},"loc":{"start":{"line":21,"column":2},"end":{"line":24,"column":4}}},"3":{"name":"(anonymous_3)","decl":{"start":{"line":26,"column":22},"end":{"line":26,"column":23}},"loc":{"start":{"line":27,"column":2},"end":{"line":27,"column":46}}},"4":{"name":"(anonymous_4)","decl":{"start":{"line":29,"column":22},"end":{"line":29,"column":23}},"loc":{"start":{"line":30,"column":2},"end":{"line":30,"column":40}}}},"branchMap":{"0":{"loc":{"start":{"line":8,"column":2},"end":{"line":10,"column":3}},"type":"if","locations":[{"start":{"line":8,"column":2},"end":{"line":10,"column":3}},{"start":{},"end":{}}]}},"s":{"0":4,"1":4,"2":2,"3":2,"4":1,"5":1,"6":4,"7":4,"8":1,"9":4,"10":4,"11":1,"12":4,"13":4,"14":1,"15":4,"16":4,"17":1,"18":4},"f":{"0":2,"1":1,"2":1,"3":1,"4":1},"b":{"0":[1,1]}}
,"/Users/dev/Desktop/Table-reservation/backend/src/utils/logger.ts": {"path":"/Users/dev/Desktop/Table-reservation/backend/src/utils/logger.ts","statementMap":{"0":{"start":{"line":1,"column":0},"end":{"line":1,"column":59}},"1":{"start":{"line":2,"column":0},"end":{"line":2,"column":56}},"2":{"start":{"line":4,"column":49},"end":{"line":4,"column":55}},"3":{"start":{"line":6,"column":18},"end":{"line":8,"column":2}},"4":{"start":{"line":7,"column":2},"end":{"line":7,"column":47}},"5":{"start":{"line":11,"column":13},"end":{"line":33,"column":3}}},"fnMap":{"0":{"name":"(anonymous_1)","decl":{"start":{"line":6,"column":25},"end":{"line":6,"column":26}},"loc":{"start":{"line":6,"column":59},"end":{"line":8,"column":1}}}},"branchMap":{"0":{"loc":{"start":{"line":12,"column":9},"end":{"line":12,"column":40}},"type":"binary-expr","locations":[{"start":{"line":12,"column":9},"end":{"line":12,"column":30}},{"start":{"line":12,"column":34},"end":{"line":12,"column":40}}]}},"s":{"0":9,"1":9,"2":9,"3":9,"4":84,"5":9},"f":{"0":84},"b":{"0":[9,9]}}
,"/Users/dev/Desktop/Table-reservation/backend/src/validations/customer.ts": {"path":"/Users/dev/Desktop/Table-reservation/backend/src/validations/customer.ts","statementMap":{"0":{"start":{"line":1,"column":0},"end":{"line":1,"column":24}},"1":{"start":{"line":3,"column":13},"end":{"line":9,"column":3}},"2":{"start":{"line":11,"column":13},"end":{"line":20,"column":3}},"3":{"start":{"line":22,"column":13},"end":{"line":26,"column":3}}},"fnMap":{},"branchMap":{},"s":{"0":2,"1":2,"2":2,"3":2},"f":{},"b":{}}
,"/Users/dev/Desktop/Table-reservation/backend/src/validations/reservation.ts": {"path":"/Users/dev/Desktop/Table-reservation/backend/src/validations/reservation.ts","statementMap":{"0":{"start":{"line":1,"column":0},"end":{"line":1,"column":24}},"1":{"start":{"line":3,"column":13},"end":{"line":13,"column":3}},"2":{"start":{"line":15,"column":13},"end":{"line":28,"column":3}},"3":{"start":{"line":30,"column":13},"end":{"line":34,"column":3}}},"fnMap":{},"branchMap":{},"s":{"0":2,"1":2,"2":2,"3":2},"f":{},"b":{}}
,"/Users/dev/Desktop/Table-reservation/backend/src/validations/restaurant.ts": {"path":"/Users/dev/Desktop/Table-reservation/backend/src/validations/restaurant.ts","statementMap":{"0":{"start":{"line":1,"column":0},"end":{"line":1,"column":24}},"1":{"start":{"line":3,"column":13},"end":{"line":8,"column":3}},"2":{"start":{"line":10,"column":13},"end":{"line":16,"column":3}},"3":{"start":{"line":18,"column":13},"end":{"line":20,"column":3}}},"fnMap":{},"branchMap":{},"s":{"0":2,"1":2,"2":2,"3":2},"f":{},"b":{}}
,"/Users/dev/Desktop/Table-reservation/backend/src/validations/table.ts": {"path":"/Users/dev/Desktop/Table-reservation/backend/src/validations/table.ts","statementMap":{"0":{"start":{"line":1,"column":0},"end":{"line":1,"column":24}},"1":{"start":{"line":3,"column":13},"end":{"line":9,"column":3}},"2":{"start":{"line":11,"column":13},"end":{"line":18,"column":3}},"3":{"start":{"line":20,"column":13},"end":{"line":22,"column":3}}},"fnMap":{},"branchMap":{},"s":{"0":2,"1":2,"2":2,"3":2},"f":{},"b":{}}
}
