TN:
SF:src/app.ts
FNF:0
FNH:0
DA:1,1
DA:2,1
DA:4,1
DA:5,1
DA:6,1
DA:7,1
DA:9,1
DA:10,1
DA:12,1
DA:14,1
DA:15,1
DA:16,1
DA:17,1
DA:18,1
DA:19,1
DA:20,1
DA:23,1
DA:25,1
LF:18
LH:18
BRF:0
BRH:0
end_of_record
TN:
SF:src/prisma.ts
FNF:0
FNH:0
DA:1,8
DA:2,8
LF:2
LH:2
BRF:0
BRH:0
end_of_record
TN:
SF:src/server.ts
FN:6,(anonymous_1)
FNF:1
FNH:1
FNDA:1,(anonymous_1)
DA:1,1
DA:2,1
DA:4,1
DA:6,1
DA:7,1
LF:5
LH:5
BRDA:4,0,0,1
BRDA:4,0,1,1
BRF:2
BRH:2
end_of_record
TN:
SF:src/controllers/customer.ts
FN:10,(anonymous_9)
FN:16,(anonymous_10)
FN:27,(anonymous_11)
FN:36,(anonymous_12)
FN:48,(anonymous_13)
FN:61,(anonymous_14)
FNF:6
FNH:6
FNDA:3,(anonymous_9)
FNDA:1,(anonymous_10)
FNDA:2,(anonymous_11)
FNDA:2,(anonymous_12)
FNDA:2,(anonymous_13)
FNDA:2,(anonymous_14)
DA:2,3
DA:3,3
DA:10,3
DA:11,3
DA:12,3
DA:13,3
DA:16,3
DA:17,1
DA:18,1
DA:19,1
DA:20,1
DA:21,1
DA:23,0
DA:27,3
DA:28,2
DA:29,2
DA:30,2
DA:32,1
DA:36,3
DA:37,2
DA:38,2
DA:39,2
DA:40,2
DA:41,2
DA:42,1
DA:44,1
DA:48,3
DA:49,2
DA:50,2
DA:51,2
DA:52,2
DA:53,2
DA:54,2
DA:55,1
DA:57,1
DA:61,3
DA:62,2
DA:63,2
DA:64,2
DA:65,2
DA:66,2
DA:67,1
DA:69,1
LF:43
LH:42
BRDA:41,0,0,1
BRDA:41,0,1,1
BRDA:54,1,0,1
BRDA:54,1,1,1
BRDA:66,2,0,1
BRDA:66,2,1,1
BRF:6
BRH:6
end_of_record
TN:
SF:src/controllers/reservation.ts
FN:13,(anonymous_9)
FN:35,(anonymous_10)
FN:41,(anonymous_11)
FN:48,(anonymous_12)
FN:62,(anonymous_13)
FN:69,(anonymous_14)
FN:76,(anonymous_15)
FN:83,(anonymous_16)
FN:89,(anonymous_17)
FN:95,(anonymous_18)
FNF:10
FNH:10
FNDA:2,(anonymous_9)
FNDA:1,(anonymous_10)
FNDA:2,(anonymous_11)
FNDA:1,(anonymous_12)
FNDA:1,(anonymous_13)
FNDA:1,(anonymous_14)
FNDA:1,(anonymous_15)
FNDA:1,(anonymous_16)
FNDA:1,(anonymous_17)
FNDA:1,(anonymous_18)
DA:2,3
DA:3,3
DA:13,3
DA:14,2
DA:15,2
DA:16,2
DA:18,2
DA:28,1
DA:30,1
DA:31,1
DA:35,3
DA:36,1
DA:37,1
DA:38,1
DA:41,3
DA:42,2
DA:43,2
DA:44,2
DA:45,2
DA:48,3
DA:49,1
DA:50,1
DA:51,1
DA:53,1
DA:58,1
DA:59,1
DA:62,3
DA:63,1
DA:64,1
DA:65,1
DA:66,1
DA:69,3
DA:70,1
DA:71,1
DA:72,1
DA:73,1
DA:76,3
DA:77,1
DA:78,1
DA:79,1
DA:80,1
DA:83,3
DA:84,1
DA:85,1
DA:86,1
DA:89,3
DA:90,1
DA:91,1
DA:92,1
DA:95,3
DA:96,1
DA:97,1
DA:98,1
LF:53
LH:53
BRDA:21,0,0,2
BRDA:21,0,1,2
BRDA:25,1,0,2
BRDA:25,1,1,2
BRDA:31,2,0,1
BRDA:31,2,1,0
BRDA:55,3,0,0
BRDA:55,3,1,1
BRF:8
BRH:6
end_of_record
TN:
SF:src/controllers/restaurant.ts
FN:13,(anonymous_9)
FN:19,(anonymous_10)
FN:30,(anonymous_11)
FN:40,(anonymous_12)
FN:52,(anonymous_13)
FN:65,(anonymous_14)
FNF:6
FNH:6
FNDA:3,(anonymous_9)
FNDA:2,(anonymous_10)
FNDA:1,(anonymous_11)
FNDA:2,(anonymous_12)
FNDA:2,(anonymous_13)
FNDA:2,(anonymous_14)
DA:2,3
DA:3,3
DA:13,3
DA:14,3
DA:15,3
DA:16,3
DA:19,3
DA:20,2
DA:21,2
DA:22,2
DA:23,2
DA:24,1
DA:26,1
DA:30,3
DA:31,1
DA:32,1
DA:33,1
DA:34,1
DA:36,0
DA:40,3
DA:41,2
DA:42,2
DA:43,2
DA:44,2
DA:45,2
DA:46,1
DA:48,1
DA:52,3
DA:53,2
DA:54,2
DA:55,2
DA:56,2
DA:57,2
DA:58,2
DA:59,1
DA:61,1
DA:65,3
DA:66,2
DA:67,2
DA:68,2
DA:69,2
DA:70,2
DA:71,1
DA:73,1
LF:44
LH:43
BRDA:45,0,0,1
BRDA:45,0,1,1
BRDA:58,1,0,1
BRDA:58,1,1,1
BRDA:70,2,0,1
BRDA:70,2,1,1
BRF:6
BRH:6
end_of_record
TN:
SF:src/controllers/table.ts
FN:13,(anonymous_9)
FN:19,(anonymous_10)
FN:30,(anonymous_11)
FN:40,(anonymous_12)
FN:52,(anonymous_13)
FN:65,(anonymous_14)
FNF:6
FNH:6
FNDA:3,(anonymous_9)
FNDA:2,(anonymous_10)
FNDA:2,(anonymous_11)
FNDA:2,(anonymous_12)
FNDA:2,(anonymous_13)
FNDA:2,(anonymous_14)
DA:2,3
DA:3,3
DA:13,3
DA:14,3
DA:15,3
DA:16,3
DA:19,3
DA:20,2
DA:21,2
DA:22,2
DA:23,2
DA:24,1
DA:26,1
DA:30,3
DA:31,2
DA:32,2
DA:33,2
DA:34,1
DA:36,1
DA:40,3
DA:41,2
DA:42,2
DA:43,2
DA:44,2
DA:45,2
DA:46,1
DA:48,1
DA:52,3
DA:53,2
DA:54,2
DA:55,2
DA:56,2
DA:57,2
DA:58,2
DA:59,1
DA:61,1
DA:65,3
DA:66,2
DA:67,2
DA:68,2
DA:69,2
DA:70,2
DA:71,1
DA:73,1
LF:44
LH:44
BRDA:45,0,0,1
BRDA:45,0,1,1
BRDA:58,1,0,1
BRDA:58,1,1,1
BRDA:70,2,0,1
BRDA:70,2,1,1
BRF:6
BRH:6
end_of_record
TN:
SF:src/middleware/error.ts
FN:3,(anonymous_0)
FNF:1
FNH:1
FNDA:1,(anonymous_0)
DA:3,2
DA:4,1
LF:2
LH:2
BRF:0
BRH:0
end_of_record
TN:
SF:src/middleware/logger.ts
FN:4,(anonymous_0)
FNF:1
FNH:1
FNDA:2,(anonymous_0)
DA:2,2
DA:4,2
DA:5,2
DA:6,2
LF:4
LH:4
BRF:0
BRH:0
end_of_record
TN:
SF:src/middleware/validate.ts
FN:5,(anonymous_0)
FN:6,(anonymous_1)
FNF:2
FNH:2
FNDA:39,(anonymous_0)
FNDA:21,(anonymous_1)
DA:1,3
DA:4,3
DA:5,3
DA:6,39
DA:7,21
DA:8,21
DA:14,19
DA:16,2
DA:17,1
DA:23,1
LF:10
LH:10
BRDA:16,0,0,1
BRDA:16,0,1,1
BRF:2
BRH:2
end_of_record
TN:
SF:src/routes/customer.ts
FNF:0
FNH:0
DA:1,2
DA:2,2
DA:3,2
DA:4,2
DA:10,2
DA:12,2
DA:13,2
DA:14,2
DA:15,2
DA:16,2
DA:18,2
LF:11
LH:11
BRF:0
BRH:0
end_of_record
TN:
SF:src/routes/reservation.ts
FNF:0
FNH:0
DA:1,2
DA:2,2
DA:15,2
DA:16,2
DA:22,2
DA:24,2
DA:25,2
DA:26,2
DA:27,2
DA:28,2
DA:30,2
DA:31,2
DA:33,2
DA:34,2
DA:35,2
DA:37,2
LF:16
LH:16
BRF:0
BRH:0
end_of_record
TN:
SF:src/routes/restaurant.ts
FNF:0
FNH:0
DA:1,2
DA:2,2
DA:3,2
DA:4,2
DA:10,2
DA:12,2
DA:13,2
DA:14,2
DA:15,2
DA:16,2
DA:18,2
LF:11
LH:11
BRF:0
BRH:0
end_of_record
TN:
SF:src/routes/table.ts
FNF:0
FNH:0
DA:1,2
DA:2,2
DA:3,2
DA:5,2
DA:11,2
DA:13,2
DA:14,2
DA:15,2
DA:16,2
DA:17,2
DA:19,2
LF:11
LH:11
BRF:0
BRH:0
end_of_record
TN:
SF:src/services/customer.ts
FN:3,(anonymous_0)
FN:6,(anonymous_1)
FN:9,(anonymous_2)
FN:12,(anonymous_3)
FN:15,(anonymous_4)
FNF:5
FNH:5
FNDA:1,(anonymous_0)
FNDA:1,(anonymous_1)
FNDA:1,(anonymous_2)
FNDA:1,(anonymous_3)
FNDA:1,(anonymous_4)
DA:1,4
DA:3,4
DA:4,1
DA:6,4
DA:7,1
DA:9,4
DA:10,1
DA:12,4
DA:13,1
DA:15,4
DA:16,1
LF:11
LH:11
BRF:0
BRH:0
end_of_record
TN:
SF:src/services/reservation.ts
FN:3,(anonymous_0)
FN:16,(anonymous_1)
FN:16,(anonymous_2)
FN:52,(anonymous_3)
FN:62,(anonymous_4)
FN:72,(anonymous_5)
FN:85,(anonymous_6)
FN:88,(anonymous_7)
FN:94,(anonymous_8)
FN:105,(anonymous_9)
FN:116,(anonymous_10)
FNF:11
FNH:11
FNDA:2,(anonymous_0)
FNDA:2,(anonymous_1)
FNDA:2,(anonymous_2)
FNDA:1,(anonymous_3)
FNDA:1,(anonymous_4)
FNDA:1,(anonymous_5)
FNDA:1,(anonymous_6)
FNDA:1,(anonymous_7)
FNDA:1,(anonymous_8)
FNDA:1,(anonymous_9)
FNDA:1,(anonymous_10)
DA:1,4
DA:3,4
DA:4,2
DA:8,2
DA:15,2
DA:16,2
DA:19,2
DA:20,1
DA:23,1
DA:31,1
DA:52,4
DA:53,1
DA:62,4
DA:63,1
DA:72,4
DA:73,1
DA:85,4
DA:86,1
DA:88,4
DA:89,1
DA:94,4
DA:95,1
DA:105,4
DA:106,1
DA:116,4
DA:117,1
LF:26
LH:26
BRDA:19,0,0,1
BRDA:19,0,1,1
BRDA:76,1,0,0
BRDA:76,1,1,1
BRF:4
BRH:3
end_of_record
TN:
SF:src/services/restaurant.ts
FN:3,(anonymous_0)
FN:9,(anonymous_1)
FN:13,(anonymous_2)
FN:19,(anonymous_3)
FN:26,(anonymous_4)
FNF:5
FNH:5
FNDA:1,(anonymous_0)
FNDA:1,(anonymous_1)
FNDA:1,(anonymous_2)
FNDA:1,(anonymous_3)
FNDA:1,(anonymous_4)
DA:1,3
DA:3,3
DA:4,1
DA:9,3
DA:10,1
DA:13,3
DA:14,1
DA:19,3
DA:20,1
DA:26,3
DA:27,1
LF:11
LH:11
BRF:0
BRH:0
end_of_record
TN:
SF:src/services/table.ts
FN:3,(anonymous_0)
FN:15,(anonymous_1)
FN:20,(anonymous_2)
FN:26,(anonymous_3)
FN:29,(anonymous_4)
FNF:5
FNH:5
FNDA:2,(anonymous_0)
FNDA:1,(anonymous_1)
FNDA:1,(anonymous_2)
FNDA:1,(anonymous_3)
FNDA:1,(anonymous_4)
DA:1,4
DA:3,4
DA:4,2
DA:8,2
DA:9,1
DA:12,1
DA:15,4
DA:16,1
DA:20,4
DA:21,1
DA:26,4
DA:27,1
DA:29,4
DA:30,1
LF:14
LH:14
BRDA:8,0,0,1
BRDA:8,0,1,1
BRF:2
BRH:2
end_of_record
TN:
SF:src/utils/logger.ts
FN:6,(anonymous_1)
FNF:1
FNH:1
FNDA:84,(anonymous_1)
DA:1,9
DA:2,9
DA:4,9
DA:6,9
DA:7,84
DA:11,9
LF:6
LH:6
BRDA:12,0,0,9
BRDA:12,0,1,9
BRF:2
BRH:2
end_of_record
TN:
SF:src/validations/customer.ts
FNF:0
FNH:0
DA:1,2
DA:3,2
DA:11,2
DA:22,2
LF:4
LH:4
BRF:0
BRH:0
end_of_record
TN:
SF:src/validations/reservation.ts
FNF:0
FNH:0
DA:1,2
DA:3,2
DA:15,2
DA:30,2
LF:4
LH:4
BRF:0
BRH:0
end_of_record
TN:
SF:src/validations/restaurant.ts
FNF:0
FNH:0
DA:1,2
DA:3,2
DA:10,2
DA:18,2
LF:4
LH:4
BRF:0
BRH:0
end_of_record
TN:
SF:src/validations/table.ts
FNF:0
FNH:0
DA:1,2
DA:3,2
DA:11,2
DA:20,2
LF:4
LH:4
BRF:0
BRH:0
end_of_record
